c:\users\jimmy\documents\카카오톡 받은 파일\오목 인터페이스(배포 버전)2\debug\goviewer.pch
c:\users\jimmy\documents\카카오톡 받은 파일\오목 인터페이스(배포 버전)2\debug\vc141.pdb
c:\users\jimmy\documents\카카오톡 받은 파일\오목 인터페이스(배포 버전)2\debug\vc141.idb
c:\users\jimmy\documents\카카오톡 받은 파일\오목 인터페이스(배포 버전)2\debug\stdafx.obj
c:\users\jimmy\documents\카카오톡 받은 파일\오목 인터페이스(배포 버전)2\debug\goviewer.obj
c:\users\jimmy\documents\카카오톡 받은 파일\오목 인터페이스(배포 버전)2\debug\goviewerdlg.obj
c:\users\jimmy\documents\카카오톡 받은 파일\오목 인터페이스(배포 버전)2\debug\goviewer.res
c:\users\jimmy\documents\카카오톡 받은 파일\오목 인터페이스(배포 버전)2\debug\goviewer.pdb
c:\users\jimmy\documents\카카오톡 받은 파일\오목 인터페이스(배포 버전)2\debug\goviewer.tlog\cl.command.1.tlog
c:\users\jimmy\documents\카카오톡 받은 파일\오목 인터페이스(배포 버전)2\debug\goviewer.tlog\cl.read.1.tlog
c:\users\jimmy\documents\카카오톡 받은 파일\오목 인터페이스(배포 버전)2\debug\goviewer.tlog\cl.write.1.tlog
c:\users\jimmy\documents\카카오톡 받은 파일\오목 인터페이스(배포 버전)2\debug\goviewer.tlog\link-cvtres.read.1.tlog
c:\users\jimmy\documents\카카오톡 받은 파일\오목 인터페이스(배포 버전)2\debug\goviewer.tlog\link-cvtres.write.1.tlog
c:\users\jimmy\documents\카카오톡 받은 파일\오목 인터페이스(배포 버전)2\debug\goviewer.tlog\link-mt.read.1.tlog
c:\users\jimmy\documents\카카오톡 받은 파일\오목 인터페이스(배포 버전)2\debug\goviewer.tlog\link-mt.write.1.tlog
c:\users\jimmy\documents\카카오톡 받은 파일\오목 인터페이스(배포 버전)2\debug\goviewer.tlog\link-rc.read.1.tlog
c:\users\jimmy\documents\카카오톡 받은 파일\오목 인터페이스(배포 버전)2\debug\goviewer.tlog\link-rc.write.1.tlog
c:\users\jimmy\documents\카카오톡 받은 파일\오목 인터페이스(배포 버전)2\debug\goviewer.tlog\link.13428-cvtres.read.1.tlog
c:\users\jimmy\documents\카카오톡 받은 파일\오목 인터페이스(배포 버전)2\debug\goviewer.tlog\link.13428-cvtres.write.1.tlog
c:\users\jimmy\documents\카카오톡 받은 파일\오목 인터페이스(배포 버전)2\debug\goviewer.tlog\link.13428-mt.read.1.tlog
c:\users\jimmy\documents\카카오톡 받은 파일\오목 인터페이스(배포 버전)2\debug\goviewer.tlog\link.13428-mt.write.1.tlog
c:\users\jimmy\documents\카카오톡 받은 파일\오목 인터페이스(배포 버전)2\debug\goviewer.tlog\link.13428-rc.read.1.tlog
c:\users\jimmy\documents\카카오톡 받은 파일\오목 인터페이스(배포 버전)2\debug\goviewer.tlog\link.13428-rc.write.1.tlog
c:\users\jimmy\documents\카카오톡 받은 파일\오목 인터페이스(배포 버전)2\debug\goviewer.tlog\link.13428.read.1.tlog
c:\users\jimmy\documents\카카오톡 받은 파일\오목 인터페이스(배포 버전)2\debug\goviewer.tlog\link.13428.write.1.tlog
c:\users\jimmy\documents\카카오톡 받은 파일\오목 인터페이스(배포 버전)2\debug\goviewer.tlog\link.command.1.tlog
c:\users\jimmy\documents\카카오톡 받은 파일\오목 인터페이스(배포 버전)2\debug\goviewer.tlog\link.read.1.tlog
c:\users\jimmy\documents\카카오톡 받은 파일\오목 인터페이스(배포 버전)2\debug\goviewer.tlog\link.write.1.tlog
c:\users\jimmy\documents\카카오톡 받은 파일\오목 인터페이스(배포 버전)2\debug\goviewer.tlog\rc.command.1.tlog
c:\users\jimmy\documents\카카오톡 받은 파일\오목 인터페이스(배포 버전)2\debug\goviewer.tlog\rc.read.1.tlog
c:\users\jimmy\documents\카카오톡 받은 파일\오목 인터페이스(배포 버전)2\debug\goviewer.tlog\rc.write.1.tlog
